ARM GAS  /tmp/ccDfkMUf.s 			page 1


   1              		.syntax unified
   2              		.cpu cortex-m3
   3              		.fpu softvfp
   4              		.eabi_attribute 20, 1
   5              		.eabi_attribute 21, 1
   6              		.eabi_attribute 23, 3
   7              		.eabi_attribute 24, 1
   8              		.eabi_attribute 25, 1
   9              		.eabi_attribute 26, 1
  10              		.eabi_attribute 30, 1
  11              		.eabi_attribute 34, 1
  12              		.eabi_attribute 18, 4
  13              		.thumb
  14              		.syntax unified
  15              		.file	"Debug.c"
  16              		.text
  17              	.Ltext0:
  18              		.cfi_sections	.debug_frame
  19              		.section	.text.debug_data,"ax",%progbits
  20              		.align	2
  21              		.global	debug_data
  22              		.thumb
  23              		.thumb_func
  25              	debug_data:
  26              	.LFB65:
  27              		.file 1 "MyCode/Debug.c"
   1:MyCode/Debug.c **** #include "Debug.h"
   2:MyCode/Debug.c **** #include "usart.h"
   3:MyCode/Debug.c **** 
   4:MyCode/Debug.c **** #include <string.h>
   5:MyCode/Debug.c **** 
   6:MyCode/Debug.c **** void debug_data(unsigned char *data, int len)
   7:MyCode/Debug.c **** {
  28              		.loc 1 7 0
  29              		.cfi_startproc
  30              		@ args = 0, pretend = 0, frame = 0
  31              		@ frame_needed = 0, uses_anonymous_args = 0
  32              	.LVL0:
  33 0000 08B5     		push	{r3, lr}
  34              	.LCFI0:
  35              		.cfi_def_cfa_offset 8
  36              		.cfi_offset 3, -8
  37              		.cfi_offset 14, -4
   8:MyCode/Debug.c ****     HAL_UART_Transmit(&huart1, data, len, 100);
  38              		.loc 1 8 0
  39 0002 6423     		movs	r3, #100
  40 0004 8AB2     		uxth	r2, r1
  41 0006 0146     		mov	r1, r0
  42              	.LVL1:
  43 0008 0148     		ldr	r0, .L3
  44              	.LVL2:
  45 000a FFF7FEFF 		bl	HAL_UART_Transmit
  46              	.LVL3:
  47 000e 08BD     		pop	{r3, pc}
  48              	.L4:
  49              		.align	2
  50              	.L3:
ARM GAS  /tmp/ccDfkMUf.s 			page 2


  51 0010 00000000 		.word	huart1
  52              		.cfi_endproc
  53              	.LFE65:
  55              		.section	.text.debug_str,"ax",%progbits
  56              		.align	2
  57              		.global	debug_str
  58              		.thumb
  59              		.thumb_func
  61              	debug_str:
  62              	.LFB66:
   9:MyCode/Debug.c **** }
  10:MyCode/Debug.c **** 
  11:MyCode/Debug.c **** void debug_str(char *str)
  12:MyCode/Debug.c **** {
  63              		.loc 1 12 0
  64              		.cfi_startproc
  65              		@ args = 0, pretend = 0, frame = 0
  66              		@ frame_needed = 0, uses_anonymous_args = 0
  67              	.LVL4:
  68 0000 10B5     		push	{r4, lr}
  69              	.LCFI1:
  70              		.cfi_def_cfa_offset 8
  71              		.cfi_offset 4, -8
  72              		.cfi_offset 14, -4
  73 0002 0446     		mov	r4, r0
  13:MyCode/Debug.c ****     HAL_UART_Transmit(&huart1, (unsigned char *)str, strlen(str), 100);
  74              		.loc 1 13 0
  75 0004 FFF7FEFF 		bl	strlen
  76              	.LVL5:
  77 0008 6423     		movs	r3, #100
  78 000a 82B2     		uxth	r2, r0
  79 000c 2146     		mov	r1, r4
  80 000e 0248     		ldr	r0, .L7
  81 0010 FFF7FEFF 		bl	HAL_UART_Transmit
  82              	.LVL6:
  83 0014 10BD     		pop	{r4, pc}
  84              	.LVL7:
  85              	.L8:
  86 0016 00BF     		.align	2
  87              	.L7:
  88 0018 00000000 		.word	huart1
  89              		.cfi_endproc
  90              	.LFE66:
  92              		.text
  93              	.Letext0:
  94              		.file 2 "/opt/gcc-arm-none-eabi/arm-none-eabi/include/machine/_default_types.h"
  95              		.file 3 "/opt/gcc-arm-none-eabi/arm-none-eabi/include/sys/_stdint.h"
  96              		.file 4 "Drivers/CMSIS/Device/ST/STM32F1xx/Include/stm32f103xb.h"
  97              		.file 5 "Drivers/STM32F1xx_HAL_Driver/Inc/stm32f1xx_hal_def.h"
  98              		.file 6 "Drivers/STM32F1xx_HAL_Driver/Inc/stm32f1xx_hal_dma.h"
  99              		.file 7 "Drivers/STM32F1xx_HAL_Driver/Inc/stm32f1xx_hal_uart.h"
 100              		.file 8 "Drivers/CMSIS/Include/core_cm3.h"
 101              		.file 9 "Inc/usart.h"
 102              		.file 10 "/opt/gcc-arm-none-eabi/arm-none-eabi/include/string.h"
ARM GAS  /tmp/ccDfkMUf.s 			page 3


DEFINED SYMBOLS
                            *ABS*:00000000 Debug.c
     /tmp/ccDfkMUf.s:20     .text.debug_data:00000000 $t
     /tmp/ccDfkMUf.s:25     .text.debug_data:00000000 debug_data
     /tmp/ccDfkMUf.s:51     .text.debug_data:00000010 $d
     /tmp/ccDfkMUf.s:56     .text.debug_str:00000000 $t
     /tmp/ccDfkMUf.s:61     .text.debug_str:00000000 debug_str
     /tmp/ccDfkMUf.s:88     .text.debug_str:00000018 $d
                     .debug_frame:00000010 $d

UNDEFINED SYMBOLS
HAL_UART_Transmit
huart1
strlen
