ARM GAS  /tmp/ccpcdGQ6.s 			page 1


   1              		.syntax unified
   2              		.cpu cortex-m3
   3              		.fpu softvfp
   4              		.eabi_attribute 20, 1
   5              		.eabi_attribute 21, 1
   6              		.eabi_attribute 23, 3
   7              		.eabi_attribute 24, 1
   8              		.eabi_attribute 25, 1
   9              		.eabi_attribute 26, 1
  10              		.eabi_attribute 30, 1
  11              		.eabi_attribute 34, 1
  12              		.eabi_attribute 18, 4
  13              		.thumb
  14              		.syntax unified
  15              		.file	"gpio.c"
  16              		.text
  17              	.Ltext0:
  18              		.cfi_sections	.debug_frame
  19              		.section	.text.MX_GPIO_Init,"ax",%progbits
  20              		.align	2
  21              		.global	MX_GPIO_Init
  22              		.thumb
  23              		.thumb_func
  25              	MX_GPIO_Init:
  26              	.LFB65:
  27              		.file 1 "Src/gpio.c"
   1:Src/gpio.c    **** /**
   2:Src/gpio.c    ****   ******************************************************************************
   3:Src/gpio.c    ****   * File Name          : gpio.c
   4:Src/gpio.c    ****   * Description        : This file provides code for the configuration
   5:Src/gpio.c    ****   *                      of all used GPIO pins.
   6:Src/gpio.c    ****   ******************************************************************************
   7:Src/gpio.c    ****   * @attention
   8:Src/gpio.c    ****   *
   9:Src/gpio.c    ****   * <h2><center>&copy; Copyright (c) 2020 STMicroelectronics.
  10:Src/gpio.c    ****   * All rights reserved.</center></h2>
  11:Src/gpio.c    ****   *
  12:Src/gpio.c    ****   * This software component is licensed by ST under BSD 3-Clause license,
  13:Src/gpio.c    ****   * the "License"; You may not use this file except in compliance with the
  14:Src/gpio.c    ****   * License. You may obtain a copy of the License at:
  15:Src/gpio.c    ****   *                        opensource.org/licenses/BSD-3-Clause
  16:Src/gpio.c    ****   *
  17:Src/gpio.c    ****   ******************************************************************************
  18:Src/gpio.c    ****   */
  19:Src/gpio.c    **** 
  20:Src/gpio.c    **** /* Includes ------------------------------------------------------------------*/
  21:Src/gpio.c    **** #include "gpio.h"
  22:Src/gpio.c    **** /* USER CODE BEGIN 0 */
  23:Src/gpio.c    **** 
  24:Src/gpio.c    **** /* USER CODE END 0 */
  25:Src/gpio.c    **** 
  26:Src/gpio.c    **** /*----------------------------------------------------------------------------*/
  27:Src/gpio.c    **** /* Configure GPIO                                                             */
  28:Src/gpio.c    **** /*----------------------------------------------------------------------------*/
  29:Src/gpio.c    **** /* USER CODE BEGIN 1 */
  30:Src/gpio.c    **** 
  31:Src/gpio.c    **** /* USER CODE END 1 */
ARM GAS  /tmp/ccpcdGQ6.s 			page 2


  32:Src/gpio.c    **** 
  33:Src/gpio.c    **** /** Configure pins as 
  34:Src/gpio.c    ****         * Analog 
  35:Src/gpio.c    ****         * Input 
  36:Src/gpio.c    ****         * Output
  37:Src/gpio.c    ****         * EVENT_OUT
  38:Src/gpio.c    ****         * EXTI
  39:Src/gpio.c    **** */
  40:Src/gpio.c    **** void MX_GPIO_Init(void)
  41:Src/gpio.c    **** {
  28              		.loc 1 41 0
  29              		.cfi_startproc
  30              		@ args = 0, pretend = 0, frame = 32
  31              		@ frame_needed = 0, uses_anonymous_args = 0
  32 0000 F0B5     		push	{r4, r5, r6, r7, lr}
  33              	.LCFI0:
  34              		.cfi_def_cfa_offset 20
  35              		.cfi_offset 4, -20
  36              		.cfi_offset 5, -16
  37              		.cfi_offset 6, -12
  38              		.cfi_offset 7, -8
  39              		.cfi_offset 14, -4
  40 0002 89B0     		sub	sp, sp, #36
  41              	.LCFI1:
  42              		.cfi_def_cfa_offset 56
  42:Src/gpio.c    **** 
  43:Src/gpio.c    ****   GPIO_InitTypeDef GPIO_InitStruct = {0};
  43              		.loc 1 43 0
  44 0004 0024     		movs	r4, #0
  45 0006 0494     		str	r4, [sp, #16]
  46 0008 0594     		str	r4, [sp, #20]
  47 000a 0694     		str	r4, [sp, #24]
  48 000c 0794     		str	r4, [sp, #28]
  49              	.LBB2:
  44:Src/gpio.c    **** 
  45:Src/gpio.c    ****   /* GPIO Ports Clock Enable */
  46:Src/gpio.c    ****   __HAL_RCC_GPIOC_CLK_ENABLE();
  50              		.loc 1 46 0
  51 000e 254B     		ldr	r3, .L3
  52 0010 9A69     		ldr	r2, [r3, #24]
  53 0012 42F01002 		orr	r2, r2, #16
  54 0016 9A61     		str	r2, [r3, #24]
  55 0018 9A69     		ldr	r2, [r3, #24]
  56 001a 02F01002 		and	r2, r2, #16
  57 001e 0092     		str	r2, [sp]
  58 0020 009A     		ldr	r2, [sp]
  59              	.LBE2:
  60              	.LBB3:
  47:Src/gpio.c    ****   __HAL_RCC_GPIOD_CLK_ENABLE();
  61              		.loc 1 47 0
  62 0022 9A69     		ldr	r2, [r3, #24]
  63 0024 42F02002 		orr	r2, r2, #32
  64 0028 9A61     		str	r2, [r3, #24]
  65 002a 9A69     		ldr	r2, [r3, #24]
  66 002c 02F02002 		and	r2, r2, #32
  67 0030 0192     		str	r2, [sp, #4]
  68 0032 019A     		ldr	r2, [sp, #4]
ARM GAS  /tmp/ccpcdGQ6.s 			page 3


  69              	.LBE3:
  70              	.LBB4:
  48:Src/gpio.c    ****   __HAL_RCC_GPIOB_CLK_ENABLE();
  71              		.loc 1 48 0
  72 0034 9A69     		ldr	r2, [r3, #24]
  73 0036 42F00802 		orr	r2, r2, #8
  74 003a 9A61     		str	r2, [r3, #24]
  75 003c 9A69     		ldr	r2, [r3, #24]
  76 003e 02F00802 		and	r2, r2, #8
  77 0042 0292     		str	r2, [sp, #8]
  78 0044 029A     		ldr	r2, [sp, #8]
  79              	.LBE4:
  80              	.LBB5:
  49:Src/gpio.c    ****   __HAL_RCC_GPIOA_CLK_ENABLE();
  81              		.loc 1 49 0
  82 0046 9A69     		ldr	r2, [r3, #24]
  83 0048 42F00402 		orr	r2, r2, #4
  84 004c 9A61     		str	r2, [r3, #24]
  85 004e 9B69     		ldr	r3, [r3, #24]
  86 0050 03F00403 		and	r3, r3, #4
  87 0054 0393     		str	r3, [sp, #12]
  88 0056 039B     		ldr	r3, [sp, #12]
  89              	.LBE5:
  50:Src/gpio.c    **** 
  51:Src/gpio.c    ****   /*Configure GPIO pin Output Level */
  52:Src/gpio.c    ****   HAL_GPIO_WritePin(RUN_LED_GPIO_Port, RUN_LED_Pin, GPIO_PIN_RESET);
  90              		.loc 1 52 0
  91 0058 134F     		ldr	r7, .L3+4
  92 005a 2246     		mov	r2, r4
  93 005c 4FF40051 		mov	r1, #8192
  94 0060 3846     		mov	r0, r7
  95 0062 FFF7FEFF 		bl	HAL_GPIO_WritePin
  96              	.LVL0:
  53:Src/gpio.c    **** 
  54:Src/gpio.c    ****   /*Configure GPIO pin Output Level */
  55:Src/gpio.c    ****   HAL_GPIO_WritePin(DS18b20_DQ_GPIO_Port, DS18b20_DQ_Pin, GPIO_PIN_RESET);
  97              		.loc 1 55 0
  98 0066 114E     		ldr	r6, .L3+8
  99 0068 2246     		mov	r2, r4
 100 006a 4FF48051 		mov	r1, #4096
 101 006e 3046     		mov	r0, r6
 102 0070 FFF7FEFF 		bl	HAL_GPIO_WritePin
 103              	.LVL1:
  56:Src/gpio.c    **** 
  57:Src/gpio.c    ****   /*Configure GPIO pin : PtPin */
  58:Src/gpio.c    ****   GPIO_InitStruct.Pin = RUN_LED_Pin;
 104              		.loc 1 58 0
 105 0074 4FF40053 		mov	r3, #8192
 106 0078 0493     		str	r3, [sp, #16]
  59:Src/gpio.c    ****   GPIO_InitStruct.Mode = GPIO_MODE_OUTPUT_PP;
 107              		.loc 1 59 0
 108 007a 0125     		movs	r5, #1
 109 007c 0595     		str	r5, [sp, #20]
  60:Src/gpio.c    ****   GPIO_InitStruct.Pull = GPIO_NOPULL;
 110              		.loc 1 60 0
 111 007e 0694     		str	r4, [sp, #24]
  61:Src/gpio.c    ****   GPIO_InitStruct.Speed = GPIO_SPEED_FREQ_LOW;
ARM GAS  /tmp/ccpcdGQ6.s 			page 4


 112              		.loc 1 61 0
 113 0080 0224     		movs	r4, #2
 114 0082 0794     		str	r4, [sp, #28]
  62:Src/gpio.c    ****   HAL_GPIO_Init(RUN_LED_GPIO_Port, &GPIO_InitStruct);
 115              		.loc 1 62 0
 116 0084 04A9     		add	r1, sp, #16
 117 0086 3846     		mov	r0, r7
 118 0088 FFF7FEFF 		bl	HAL_GPIO_Init
 119              	.LVL2:
  63:Src/gpio.c    **** 
  64:Src/gpio.c    ****   /*Configure GPIO pin : PtPin */
  65:Src/gpio.c    ****   GPIO_InitStruct.Pin = DS18b20_DQ_Pin;
 120              		.loc 1 65 0
 121 008c 4FF48053 		mov	r3, #4096
 122 0090 0493     		str	r3, [sp, #16]
  66:Src/gpio.c    ****   GPIO_InitStruct.Mode = GPIO_MODE_OUTPUT_PP;
 123              		.loc 1 66 0
 124 0092 0595     		str	r5, [sp, #20]
  67:Src/gpio.c    ****   GPIO_InitStruct.Pull = GPIO_PULLUP;
 125              		.loc 1 67 0
 126 0094 0695     		str	r5, [sp, #24]
  68:Src/gpio.c    ****   GPIO_InitStruct.Speed = GPIO_SPEED_FREQ_LOW;
 127              		.loc 1 68 0
 128 0096 0794     		str	r4, [sp, #28]
  69:Src/gpio.c    ****   HAL_GPIO_Init(DS18b20_DQ_GPIO_Port, &GPIO_InitStruct);
 129              		.loc 1 69 0
 130 0098 04A9     		add	r1, sp, #16
 131 009a 3046     		mov	r0, r6
 132 009c FFF7FEFF 		bl	HAL_GPIO_Init
 133              	.LVL3:
  70:Src/gpio.c    **** 
  71:Src/gpio.c    **** }
 134              		.loc 1 71 0
 135 00a0 09B0     		add	sp, sp, #36
 136              	.LCFI2:
 137              		.cfi_def_cfa_offset 20
 138              		@ sp needed
 139 00a2 F0BD     		pop	{r4, r5, r6, r7, pc}
 140              	.L4:
 141              		.align	2
 142              	.L3:
 143 00a4 00100240 		.word	1073876992
 144 00a8 00100140 		.word	1073811456
 145 00ac 000C0140 		.word	1073810432
 146              		.cfi_endproc
 147              	.LFE65:
 149              		.text
 150              	.Letext0:
 151              		.file 2 "/opt/gcc-arm-none-eabi/arm-none-eabi/include/machine/_default_types.h"
 152              		.file 3 "/opt/gcc-arm-none-eabi/arm-none-eabi/include/sys/_stdint.h"
 153              		.file 4 "Drivers/CMSIS/Device/ST/STM32F1xx/Include/stm32f103xb.h"
 154              		.file 5 "Drivers/STM32F1xx_HAL_Driver/Inc/stm32f1xx_hal_gpio.h"
 155              		.file 6 "Drivers/CMSIS/Include/core_cm3.h"
ARM GAS  /tmp/ccpcdGQ6.s 			page 5


DEFINED SYMBOLS
                            *ABS*:00000000 gpio.c
     /tmp/ccpcdGQ6.s:20     .text.MX_GPIO_Init:00000000 $t
     /tmp/ccpcdGQ6.s:25     .text.MX_GPIO_Init:00000000 MX_GPIO_Init
     /tmp/ccpcdGQ6.s:143    .text.MX_GPIO_Init:000000a4 $d
                     .debug_frame:00000010 $d

UNDEFINED SYMBOLS
HAL_GPIO_WritePin
HAL_GPIO_Init
